2014-09-07 08:50:07.942 CodeYourCloud[4569:70b] Apache Cordova native platform version 3.6.0 is starting.
2014-09-07 08:50:07.944 CodeYourCloud[4569:70b] Multi-tasking -> Device: YES, App: YES
2014-09-07 08:50:07.951 CodeYourCloud[4569:70b] Unlimited access to network resources
2014-09-07 08:50:07.954 CodeYourCloud[4569:70b] 

Started backup to iCloud! Please be careful.
Your application might be rejected by Apple if you store too much data.
For more information please read "iOS Data Storage Guidelines" at:
https://developer.apple.com/icloud/documentation/data-storage/

2014-09-07 08:50:08.030 CodeYourCloud[4569:70b] Resetting plugins due to page load.
2014-09-07 08:50:09.329 CodeYourCloud[4569:70b] Failed to load webpage with error: The operation couldn’t be completed. (NSURLErrorDomain error -999.)
2014-09-07 08:50:09.330 CodeYourCloud[4569:70b] Resetting plugins due to page load.
2014-09-07 08:50:09.605 CodeYourCloud[4569:70b] Finished load of: file:///Users/kaminsky/Library/Developer/CoreSimulator/Devices/72CB69F5-63E4-45F8-87EE-F1FDABD88D9F/data/Applications/90488D88-6789-4C82-866B-E31B05D31D70/CodeYourCloud.app/www/index.html
2014-09-07 08:50:15.682 CodeYourCloud[4569:70b] Setting the WebView's frame to {{0, 0}, {320, 436}}
2014-09-07 08:50:15.690 CodeYourCloud[4569:70b] THREAD WARNING: ['InAppBrowser'] took '39.737793' ms. Plugin should use a background thread.
2014-09-07 14:59:59.319 CodeYourCloud[1833:70b] Apache Cordova native platform version 3.6.0 is starting.
2014-09-07 14:59:59.321 CodeYourCloud[1833:70b] Multi-tasking -> Device: YES, App: YES
2014-09-07 14:59:59.337 CodeYourCloud[1833:70b] Unlimited access to network resources
2014-09-07 14:59:59.340 CodeYourCloud[1833:70b] 

Started backup to iCloud! Please be careful.
Your application might be rejected by Apple if you store too much data.
For more information please read "iOS Data Storage Guidelines" at:
https://developer.apple.com/icloud/documentation/data-storage/

2014-09-07 14:59:59.721 CodeYourCloud[1833:70b] Resetting plugins due to page load.
2014-09-07 15:00:00.457 CodeYourCloud[1833:70b] Failed to load webpage with error: The operation couldn’t be completed. (NSURLErrorDomain error -999.)
2014-09-07 15:00:00.458 CodeYourCloud[1833:70b] Resetting plugins due to page load.
2014-09-07 15:00:00.742 CodeYourCloud[1833:70b] Finished load of: file:///Users/kaminsky/Library/Developer/CoreSimulator/Devices/72CB69F5-63E4-45F8-87EE-F1FDABD88D9F/data/Applications/90488D88-6789-4C82-866B-E31B05D31D70/CodeYourCloud.app/www/index.html
2014-09-07 15:22:52.375 CodeYourCloud[1833:70b] Setting the WebView's frame to {{0, 0}, {320, 436}}
2014-09-07 15:22:52.383 CodeYourCloud[1833:70b] THREAD WARNING: ['InAppBrowser'] took '39.669922' ms. Plugin should use a background thread.
2014-09-15 18:30:49.180 CodeYourCloud[6279:70b] Apache Cordova native platform version 3.6.0 is starting.
2014-09-15 18:30:49.184 CodeYourCloud[6279:70b] Multi-tasking -> Device: YES, App: YES
2014-09-15 18:30:49.210 CodeYourCloud[6279:70b] Unlimited access to network resources
2014-09-15 18:30:49.219 CodeYourCloud[6279:70b] 

Started backup to iCloud! Please be careful.
Your application might be rejected by Apple if you store too much data.
For more information please read "iOS Data Storage Guidelines" at:
https://developer.apple.com/icloud/documentation/data-storage/

2014-09-15 18:30:49.791 CodeYourCloud[6279:70b] Resetting plugins due to page load.
2014-09-15 18:30:53.539 CodeYourCloud[6279:70b] THREAD WARNING: ['NetworkStatus'] took '21.792236' ms. Plugin should use a background thread.
2014-09-15 18:30:53.545 CodeYourCloud[6279:70b] Failed to load webpage with error: The operation couldn’t be completed. (NSURLErrorDomain error -999.)
2014-09-15 18:30:53.546 CodeYourCloud[6279:70b] Resetting plugins due to page load.
2014-09-15 18:30:54.004 CodeYourCloud[6279:70b] Finished load of: file:///Users/kaminsky/Library/Developer/CoreSimulator/Devices/72CB69F5-63E4-45F8-87EE-F1FDABD88D9F/data/Applications/90488D88-6789-4C82-866B-E31B05D31D70/CodeYourCloud.app/www/index.html
2014-09-15 18:34:49.518 CodeYourCloud[10834:70b] Apache Cordova native platform version 3.6.0 is starting.
2014-09-15 18:34:49.520 CodeYourCloud[10834:70b] Multi-tasking -> Device: YES, App: YES
2014-09-15 18:34:49.524 CodeYourCloud[10834:70b] Unlimited access to network resources
2014-09-15 18:34:49.527 CodeYourCloud[10834:70b] 

Started backup to iCloud! Please be careful.
Your application might be rejected by Apple if you store too much data.
For more information please read "iOS Data Storage Guidelines" at:
https://developer.apple.com/icloud/documentation/data-storage/

2014-09-15 18:34:49.641 CodeYourCloud[10834:70b] Resetting plugins due to page load.
2014-09-15 18:34:50.496 CodeYourCloud[10834:70b] Failed to load webpage with error: The operation couldn’t be completed. (NSURLErrorDomain error -999.)
2014-09-15 18:34:50.497 CodeYourCloud[10834:70b] Resetting plugins due to page load.
2014-09-15 18:34:52.361 CodeYourCloud[10834:70b] Finished load of: file:///Users/kaminsky/Library/Developer/CoreSimulator/Devices/72CB69F5-63E4-45F8-87EE-F1FDABD88D9F/data/Applications/90488D88-6789-4C82-866B-E31B05D31D70/CodeYourCloud.app/www/index.html
2014-09-16 17:37:11.906 CodeYourCloud[16507:70b] Apache Cordova native platform version 3.6.0 is starting.
2014-09-16 17:37:11.910 CodeYourCloud[16507:70b] Multi-tasking -> Device: YES, App: YES
2014-09-16 17:37:11.938 CodeYourCloud[16507:70b] Unlimited access to network resources
2014-09-16 17:37:11.948 CodeYourCloud[16507:70b] 

Started backup to iCloud! Please be careful.
Your application might be rejected by Apple if you store too much data.
For more information please read "iOS Data Storage Guidelines" at:
https://developer.apple.com/icloud/documentation/data-storage/

2014-09-16 17:37:12.322 CodeYourCloud[16507:70b] Resetting plugins due to page load.
2014-09-16 17:37:14.527 CodeYourCloud[16507:70b] Failed to load webpage with error: The operation couldn’t be completed. (NSURLErrorDomain error -999.)
2014-09-16 17:37:14.528 CodeYourCloud[16507:70b] Resetting plugins due to page load.
2014-09-16 17:37:17.766 CodeYourCloud[16507:70b] Finished load of: file:///Users/kaminsky/Library/Developer/CoreSimulator/Devices/72CB69F5-63E4-45F8-87EE-F1FDABD88D9F/data/Applications/90488D88-6789-4C82-866B-E31B05D31D70/CodeYourCloud.app/www/index.html
2014-09-17 18:35:46.466 CodeYourCloud[22805:70b] Apache Cordova native platform version 3.6.0 is starting.
2014-09-17 18:35:46.471 CodeYourCloud[22805:70b] Multi-tasking -> Device: YES, App: YES
2014-09-17 18:35:46.498 CodeYourCloud[22805:70b] Unlimited access to network resources
2014-09-17 18:35:46.506 CodeYourCloud[22805:70b] 

Started backup to iCloud! Please be careful.
Your application might be rejected by Apple if you store too much data.
For more information please read "iOS Data Storage Guidelines" at:
https://developer.apple.com/icloud/documentation/data-storage/

2014-09-17 18:35:46.872 CodeYourCloud[22805:70b] Resetting plugins due to page load.
2014-09-17 18:35:47.676 CodeYourCloud[22805:70b] Failed to load webpage with error: The operation couldn’t be completed. (NSURLErrorDomain error -999.)
2014-09-17 18:35:47.677 CodeYourCloud[22805:70b] Resetting plugins due to page load.
2014-09-17 18:35:49.184 CodeYourCloud[22805:70b] Finished load of: file:///Users/kaminsky/Library/Developer/CoreSimulator/Devices/72CB69F5-63E4-45F8-87EE-F1FDABD88D9F/data/Applications/90488D88-6789-4C82-866B-E31B05D31D70/CodeYourCloud.app/www/index.html
2014-09-17 18:46:38.395 CodeYourCloud[27383:70b] Apache Cordova native platform version 3.6.0 is starting.
2014-09-17 18:46:38.397 CodeYourCloud[27383:70b] Multi-tasking -> Device: YES, App: YES
2014-09-17 18:46:38.401 CodeYourCloud[27383:70b] Unlimited access to network resources
2014-09-17 18:46:38.404 CodeYourCloud[27383:70b] 

Started backup to iCloud! Please be careful.
Your application might be rejected by Apple if you store too much data.
For more information please read "iOS Data Storage Guidelines" at:
https://developer.apple.com/icloud/documentation/data-storage/

2014-09-17 18:46:38.541 CodeYourCloud[27383:70b] Resetting plugins due to page load.
2014-09-17 18:46:39.670 CodeYourCloud[27383:70b] Failed to load webpage with error: The operation couldn’t be completed. (NSURLErrorDomain error -999.)
2014-09-17 18:46:39.670 CodeYourCloud[27383:70b] Resetting plugins due to page load.
2014-09-17 18:46:40.136 CodeYourCloud[27383:70b] Finished load of: file:///Users/kaminsky/Library/Developer/CoreSimulator/Devices/72CB69F5-63E4-45F8-87EE-F1FDABD88D9F/data/Applications/90488D88-6789-4C82-866B-E31B05D31D70/CodeYourCloud.app/www/index.html
2014-09-17 18:55:12.723 CodeYourCloud[31961:70b] Apache Cordova native platform version 3.6.0 is starting.
2014-09-17 18:55:12.725 CodeYourCloud[31961:70b] Multi-tasking -> Device: YES, App: YES
2014-09-17 18:55:12.735 CodeYourCloud[31961:70b] Unlimited access to network resources
2014-09-17 18:55:12.739 CodeYourCloud[31961:70b] 

Started backup to iCloud! Please be careful.
Your application might be rejected by Apple if you store too much data.
For more information please read "iOS Data Storage Guidelines" at:
https://developer.apple.com/icloud/documentation/data-storage/

2014-09-17 18:55:12.893 CodeYourCloud[31961:70b] Resetting plugins due to page load.
2014-09-17 18:55:13.627 CodeYourCloud[31961:70b] Failed to load webpage with error: The operation couldn’t be completed. (NSURLErrorDomain error -999.)
2014-09-17 18:55:13.628 CodeYourCloud[31961:70b] Resetting plugins due to page load.
2014-09-17 18:55:15.368 CodeYourCloud[31961:70b] Finished load of: file:///Users/kaminsky/Library/Developer/CoreSimulator/Devices/72CB69F5-63E4-45F8-87EE-F1FDABD88D9F/data/Applications/90488D88-6789-4C82-866B-E31B05D31D70/CodeYourCloud.app/www/index.html
2014-09-17 19:02:33.740 CodeYourCloud[36530:70b] Apache Cordova native platform version 3.6.0 is starting.
2014-09-17 19:02:33.741 CodeYourCloud[36530:70b] Multi-tasking -> Device: YES, App: YES
2014-09-17 19:02:33.746 CodeYourCloud[36530:70b] Unlimited access to network resources
2014-09-17 19:02:33.749 CodeYourCloud[36530:70b] 

Started backup to iCloud! Please be careful.
Your application might be rejected by Apple if you store too much data.
For more information please read "iOS Data Storage Guidelines" at:
https://developer.apple.com/icloud/documentation/data-storage/

2014-09-17 19:02:33.901 CodeYourCloud[36530:70b] Resetting plugins due to page load.
2014-09-17 19:02:34.779 CodeYourCloud[36530:70b] Failed to load webpage with error: The operation couldn’t be completed. (NSURLErrorDomain error -999.)
2014-09-17 19:02:34.780 CodeYourCloud[36530:70b] Resetting plugins due to page load.
2014-09-17 19:02:36.548 CodeYourCloud[36530:70b] Finished load of: file:///Users/kaminsky/Library/Developer/CoreSimulator/Devices/72CB69F5-63E4-45F8-87EE-F1FDABD88D9F/data/Applications/90488D88-6789-4C82-866B-E31B05D31D70/CodeYourCloud.app/www/index.html
2014-09-17 19:17:01.064 CodeYourCloud[41123:70b] Apache Cordova native platform version 3.6.0 is starting.
2014-09-17 19:17:01.071 CodeYourCloud[41123:70b] Multi-tasking -> Device: YES, App: YES
2014-09-17 19:17:01.090 CodeYourCloud[41123:70b] Unlimited access to network resources
2014-09-17 19:17:01.095 CodeYourCloud[41123:70b] 

Started backup to iCloud! Please be careful.
Your application might be rejected by Apple if you store too much data.
For more information please read "iOS Data Storage Guidelines" at:
https://developer.apple.com/icloud/documentation/data-storage/

2014-09-17 19:17:01.319 CodeYourCloud[41123:70b] Resetting plugins due to page load.
2014-09-17 19:17:02.311 CodeYourCloud[41123:70b] Failed to load webpage with error: The operation couldn’t be completed. (NSURLErrorDomain error -999.)
2014-09-17 19:17:02.312 CodeYourCloud[41123:70b] Resetting plugins due to page load.
2014-09-17 19:17:02.602 CodeYourCloud[41123:70b] Finished load of: file:///Users/kaminsky/Library/Developer/CoreSimulator/Devices/72CB69F5-63E4-45F8-87EE-F1FDABD88D9F/data/Applications/90488D88-6789-4C82-866B-E31B05D31D70/CodeYourCloud.app/www/index.html
2014-09-17 19:20:53.328 CodeYourCloud[45670:70b] Apache Cordova native platform version 3.6.0 is starting.
2014-09-17 19:20:53.330 CodeYourCloud[45670:70b] Multi-tasking -> Device: YES, App: YES
2014-09-17 19:20:53.335 CodeYourCloud[45670:70b] Unlimited access to network resources
2014-09-17 19:20:53.337 CodeYourCloud[45670:70b] 

Started backup to iCloud! Please be careful.
Your application might be rejected by Apple if you store too much data.
For more information please read "iOS Data Storage Guidelines" at:
https://developer.apple.com/icloud/documentation/data-storage/

2014-09-17 19:20:53.437 CodeYourCloud[45670:70b] Resetting plugins due to page load.
2014-09-17 19:20:54.129 CodeYourCloud[45670:70b] Failed to load webpage with error: The operation couldn’t be completed. (NSURLErrorDomain error -999.)
2014-09-17 19:20:54.129 CodeYourCloud[45670:70b] Resetting plugins due to page load.
2014-09-17 19:20:55.737 CodeYourCloud[45670:70b] Finished load of: file:///Users/kaminsky/Library/Developer/CoreSimulator/Devices/72CB69F5-63E4-45F8-87EE-F1FDABD88D9F/data/Applications/90488D88-6789-4C82-866B-E31B05D31D70/CodeYourCloud.app/www/index.html
2014-09-17 19:23:26.217 CodeYourCloud[53041:70b] Apache Cordova native platform version 3.6.0 is starting.
2014-09-17 19:23:26.219 CodeYourCloud[53041:70b] Multi-tasking -> Device: YES, App: YES
2014-09-17 19:23:26.233 CodeYourCloud[53041:70b] Unlimited access to network resources
2014-09-17 19:23:26.237 CodeYourCloud[53041:70b] 

Started backup to iCloud! Please be careful.
Your application might be rejected by Apple if you store too much data.
For more information please read "iOS Data Storage Guidelines" at:
https://developer.apple.com/icloud/documentation/data-storage/

2014-09-17 19:23:26.456 CodeYourCloud[53041:70b] Resetting plugins due to page load.
2014-09-17 19:23:27.062 CodeYourCloud[53041:70b] Failed to load webpage with error: The operation couldn’t be completed. (NSURLErrorDomain error -999.)
2014-09-17 19:23:27.062 CodeYourCloud[53041:70b] Resetting plugins due to page load.
2014-09-17 19:23:28.499 CodeYourCloud[53041:70b] Finished load of: file:///Users/kaminsky/Library/Developer/CoreSimulator/Devices/72CB69F5-63E4-45F8-87EE-F1FDABD88D9F/data/Applications/90488D88-6789-4C82-866B-E31B05D31D70/CodeYourCloud.app/www/index.html
2014-09-18 20:44:29.755 CodeYourCloud[95879:70b] Apache Cordova native platform version 3.6.0 is starting.
2014-09-18 20:44:29.757 CodeYourCloud[95879:70b] Multi-tasking -> Device: YES, App: YES
2014-09-18 20:44:29.773 CodeYourCloud[95879:70b] Unlimited access to network resources
2014-09-18 20:44:29.776 CodeYourCloud[95879:70b] 

Started backup to iCloud! Please be careful.
Your application might be rejected by Apple if you store too much data.
For more information please read "iOS Data Storage Guidelines" at:
https://developer.apple.com/icloud/documentation/data-storage/

2014-09-18 20:44:30.025 CodeYourCloud[95879:70b] Resetting plugins due to page load.
2014-09-18 20:44:30.796 CodeYourCloud[95879:70b] Failed to load webpage with error: The operation couldn’t be completed. (NSURLErrorDomain error -999.)
2014-09-18 20:44:30.796 CodeYourCloud[95879:70b] Resetting plugins due to page load.
2014-09-18 20:44:33.234 CodeYourCloud[95879:70b] Finished load of: file:///Users/kaminsky/Library/Developer/CoreSimulator/Devices/72CB69F5-63E4-45F8-87EE-F1FDABD88D9F/data/Applications/90488D88-6789-4C82-866B-E31B05D31D70/CodeYourCloud.app/www/index.html
2014-09-18 20:55:26.468 CodeYourCloud[3361:70b] Apache Cordova native platform version 3.6.0 is starting.
2014-09-18 20:55:26.470 CodeYourCloud[3361:70b] Multi-tasking -> Device: YES, App: YES
2014-09-18 20:55:26.478 CodeYourCloud[3361:70b] Unlimited access to network resources
2014-09-18 20:55:26.480 CodeYourCloud[3361:70b] 

Started backup to iCloud! Please be careful.
Your application might be rejected by Apple if you store too much data.
For more information please read "iOS Data Storage Guidelines" at:
https://developer.apple.com/icloud/documentation/data-storage/

2014-09-18 20:55:26.674 CodeYourCloud[3361:70b] Resetting plugins due to page load.
2014-09-18 20:55:27.950 CodeYourCloud[3361:70b] Failed to load webpage with error: The operation couldn’t be completed. (NSURLErrorDomain error -999.)
2014-09-18 20:55:27.951 CodeYourCloud[3361:70b] Resetting plugins due to page load.
2014-09-18 20:55:29.767 CodeYourCloud[3361:70b] Finished load of: file:///Users/kaminsky/Library/Developer/CoreSimulator/Devices/72CB69F5-63E4-45F8-87EE-F1FDABD88D9F/data/Applications/90488D88-6789-4C82-866B-E31B05D31D70/CodeYourCloud.app/www/index.html
2014-09-18 21:02:56.669 CodeYourCloud[10763:70b] Apache Cordova native platform version 3.6.0 is starting.
2014-09-18 21:02:56.692 CodeYourCloud[10763:70b] Multi-tasking -> Device: YES, App: YES
2014-09-18 21:02:56.742 CodeYourCloud[10763:70b] Unlimited access to network resources
2014-09-18 21:02:56.748 CodeYourCloud[10763:70b] 

Started backup to iCloud! Please be careful.
Your application might be rejected by Apple if you store too much data.
For more information please read "iOS Data Storage Guidelines" at:
https://developer.apple.com/icloud/documentation/data-storage/

2014-09-18 21:02:57.015 CodeYourCloud[10763:70b] Resetting plugins due to page load.
2014-09-18 21:02:58.206 CodeYourCloud[10763:70b] Failed to load webpage with error: The operation couldn’t be completed. (NSURLErrorDomain error -999.)
2014-09-18 21:02:58.206 CodeYourCloud[10763:70b] Resetting plugins due to page load.
2014-09-18 21:03:01.172 CodeYourCloud[10763:70b] Finished load of: file:///Users/kaminsky/Library/Developer/CoreSimulator/Devices/72CB69F5-63E4-45F8-87EE-F1FDABD88D9F/data/Applications/90488D88-6789-4C82-866B-E31B05D31D70/CodeYourCloud.app/www/index.html
2014-09-18 21:03:33.627 CodeYourCloud[10763:70b] Resetting plugins due to page load.
2014-09-18 21:03:36.549 CodeYourCloud[10763:70b] Failed to load webpage with error: The operation couldn’t be completed. (NSURLErrorDomain error -999.)
2014-09-18 21:03:36.549 CodeYourCloud[10763:70b] Resetting plugins due to page load.
2014-09-18 21:03:36.743 CodeYourCloud[10763:70b] Finished load of: file:///Users/kaminsky/Library/Developer/CoreSimulator/Devices/72CB69F5-63E4-45F8-87EE-F1FDABD88D9F/data/Applications/90488D88-6789-4C82-866B-E31B05D31D70/CodeYourCloud.app/www/index.html
